<?xml version="1.0" encoding="UTF-8"?>
<!-- Generated by org.testng.reporters.JUnitXMLReporter -->
<testsuite ignored="0" hostname="Yadukrishna" failures="0" tests="3" name="Default test" time="2.922" errors="0" timestamp="2023-11-04T22:32:22 IST">
  <testcase classname="com.testProject.API_Testing.E2EBookAPITest" name="addBookTest" time="2.459"/>
  <testcase classname="com.testProject.API_Testing.E2EBookAPITest" name="getBookTest" time="0.266"/>
  <testcase classname="com.testProject.API_Testing.E2EBookAPITest" name="deleteBookTest" time="0.14"/>
</testsuite> <!-- Default test -->
