<?xml version="1.0" encoding="UTF-8"?>
<!-- Generated by org.testng.reporters.JUnitXMLReporter -->
<testsuite ignored="0" hostname="Yadukrishna" failures="0" tests="5" name="Test" time="4.892" errors="0" timestamp="15 Feb 2024 17:37:56 GMT">
  <testcase classname="com.testProject.API_Testing.AddPlaceTest" name="addPlaceTest" time="1.727"/>
  <testcase classname="com.testProject.API_Testing.E2EPlaceTest" name="addPlaceTest" time="2.613"/>
  <testcase classname="com.testProject.API_Testing.E2EBookAPITest" name="addBookTest" time="0.199"/>
  <testcase classname="com.testProject.API_Testing.E2EBookAPITest" name="getBookTest" time="0.176"/>
  <testcase classname="com.testProject.API_Testing.E2EBookAPITest" name="deleteBookTest" time="0.148"/>
</testsuite> <!-- Test -->
