<?xml version="1.0" encoding="UTF-8"?>
<testng-results ignored="0" total="3" passed="3" failed="0" skipped="0">
  <reporter-output>
  </reporter-output>
  <suite started-at="2023-11-04T22:32:19 IST" name="Default suite" finished-at="2023-11-04T22:32:22 IST" duration-ms="2922">
    <groups>
    </groups>
    <test started-at="2023-11-04T22:32:19 IST" name="Default test" finished-at="2023-11-04T22:32:22 IST" duration-ms="2922">
      <class name="com.testProject.API_Testing.E2EBookAPITest">
        <test-method signature="addBookTest()[pri:1, instance:com.testProject.API_Testing.E2EBookAPITest@14dd9eb7]" started-at="2023-11-04T22:32:19 IST" name="addBookTest" finished-at="2023-11-04T22:32:22 IST" duration-ms="2459" status="PASS">
          <reporter-output>
          </reporter-output>
        </test-method> <!-- addBookTest -->
        <test-method signature="getBookTest()[pri:2, instance:com.testProject.API_Testing.E2EBookAPITest@14dd9eb7]" started-at="2023-11-04T22:32:22 IST" name="getBookTest" finished-at="2023-11-04T22:32:22 IST" duration-ms="266" status="PASS">
          <reporter-output>
          </reporter-output>
        </test-method> <!-- getBookTest -->
        <test-method signature="deleteBookTest()[pri:3, instance:com.testProject.API_Testing.E2EBookAPITest@14dd9eb7]" started-at="2023-11-04T22:32:22 IST" name="deleteBookTest" finished-at="2023-11-04T22:32:22 IST" duration-ms="140" status="PASS">
          <reporter-output>
          </reporter-output>
        </test-method> <!-- deleteBookTest -->
      </class> <!-- com.testProject.API_Testing.E2EBookAPITest -->
    </test> <!-- Default test -->
  </suite> <!-- Default suite -->
</testng-results>
