<?xml version="1.0" encoding="UTF-8"?>
<testng-results ignored="0" total="5" passed="5" failed="0" skipped="0">
  <reporter-output>
  </reporter-output>
  <suite started-at="2024-02-15T17:37:51Z" name="Suite" finished-at="2024-02-15T17:37:56Z" duration-ms="4892">
    <groups>
    </groups>
    <test started-at="2024-02-15T17:37:51Z" name="Test" finished-at="2024-02-15T17:37:56Z" duration-ms="4892">
      <class name="com.testProject.API_Testing.E2EPlaceTest">
        <test-method signature="addPlaceTest()[pri:0, instance:com.testProject.API_Testing.E2EPlaceTest@6caf0677]" started-at="2024-02-15T17:37:53Z" name="addPlaceTest" finished-at="2024-02-15T17:37:56Z" duration-ms="2613" status="PASS">
          <reporter-output>
          </reporter-output>
        </test-method> <!-- addPlaceTest -->
      </class> <!-- com.testProject.API_Testing.E2EPlaceTest -->
      <class name="com.testProject.API_Testing.AddPlaceTest">
        <test-method signature="addPlaceTest()[pri:0, instance:com.testProject.API_Testing.AddPlaceTest@645aa696]" started-at="2024-02-15T17:37:51Z" name="addPlaceTest" finished-at="2024-02-15T17:37:53Z" duration-ms="1727" status="PASS">
          <reporter-output>
          </reporter-output>
        </test-method> <!-- addPlaceTest -->
      </class> <!-- com.testProject.API_Testing.AddPlaceTest -->
      <class name="com.testProject.API_Testing.E2EBookAPITest">
        <test-method signature="addBookTest()[pri:1, instance:com.testProject.API_Testing.E2EBookAPITest@413d1baf]" started-at="2024-02-15T17:37:56Z" name="addBookTest" finished-at="2024-02-15T17:37:56Z" duration-ms="199" status="PASS">
          <reporter-output>
          </reporter-output>
        </test-method> <!-- addBookTest -->
        <test-method signature="getBookTest()[pri:2, instance:com.testProject.API_Testing.E2EBookAPITest@413d1baf]" started-at="2024-02-15T17:37:56Z" name="getBookTest" finished-at="2024-02-15T17:37:56Z" duration-ms="176" status="PASS">
          <reporter-output>
          </reporter-output>
        </test-method> <!-- getBookTest -->
        <test-method signature="deleteBookTest()[pri:3, instance:com.testProject.API_Testing.E2EBookAPITest@413d1baf]" started-at="2024-02-15T17:37:56Z" name="deleteBookTest" finished-at="2024-02-15T17:37:56Z" duration-ms="148" status="PASS">
          <reporter-output>
          </reporter-output>
        </test-method> <!-- deleteBookTest -->
      </class> <!-- com.testProject.API_Testing.E2EBookAPITest -->
    </test> <!-- Test -->
  </suite> <!-- Suite -->
</testng-results>
